<?xml version="1.0" encoding="UTF-8"?>
<!-- Generated by org.testng.reporters.JUnitReportReporter -->
<testsuite hostname="DESKTOP-01H70DH" failures="0" tests="1" name="Demo.ContactTest" time="0.010" errors="0" timestamp="2022-03-15T13:20:35 IST" skipped="0">
  <testcase classname="Demo.ContactTest" name="createContTest" time="0.010"/>
  <system-out/>
</testsuite> <!-- Demo.ContactTest -->
